<?xml version="1.0" encoding="UTF-8"?>
<testng-results ignored="0" total="3" passed="3" failed="0" skipped="0">
  <reporter-output>
  </reporter-output>
  <suite started-at="2025-05-12T13:18:03 IST" name="Suite" finished-at="2025-05-12T13:19:10 IST" duration-ms="67225">
    <groups>
    </groups>
    <test started-at="2025-05-12T13:18:03 IST" name="Test" finished-at="2025-05-12T13:19:10 IST" duration-ms="67225">
      <class name="com.gmit.TC_Login">
        <test-method is-config="true" signature="setup()[pri:0, instance:com.gmit.TC_Login@223191a6]" started-at="2025-05-12T13:18:03 IST" name="setup" finished-at="2025-05-12T13:19:06 IST" duration-ms="63316" status="PASS">
          <reporter-output>
          </reporter-output>
        </test-method> <!-- setup -->
        <test-method signature="loginTest()[pri:0, instance:com.gmit.TC_Login@223191a6]" started-at="2025-05-12T13:19:06 IST" name="loginTest" finished-at="2025-05-12T13:19:10 IST" duration-ms="3760" status="PASS">
          <reporter-output>
          </reporter-output>
        </test-method> <!-- loginTest -->
        <test-method is-config="true" signature="tearDown()[pri:0, instance:com.gmit.TC_Login@223191a6]" started-at="2025-05-12T13:19:10 IST" name="tearDown" finished-at="2025-05-12T13:19:10 IST" duration-ms="1" status="PASS">
          <reporter-output>
          </reporter-output>
        </test-method> <!-- tearDown -->
      </class> <!-- com.gmit.TC_Login -->
      <class name="com.gmit.AppTest">
        <test-method signature="testlogin1()[pri:0, instance:com.gmit.AppTest@59662a0b]" started-at="2025-05-12T13:19:10 IST" name="testlogin1" finished-at="2025-05-12T13:19:10 IST" duration-ms="70" status="PASS">
          <reporter-output>
          </reporter-output>
        </test-method> <!-- testlogin1 -->
        <test-method signature="testlogin2()[pri:0, instance:com.gmit.AppTest@59662a0b]" started-at="2025-05-12T13:19:10 IST" name="testlogin2" finished-at="2025-05-12T13:19:10 IST" duration-ms="3" status="PASS">
          <reporter-output>
          </reporter-output>
        </test-method> <!-- testlogin2 -->
      </class> <!-- com.gmit.AppTest -->
    </test> <!-- Test -->
  </suite> <!-- Suite -->
</testng-results>
