<?xml version="1.0" encoding="UTF-8"?>
<testsuite xmlns:xsi="http://www.w3.org/2001/XMLSchema-instance" xsi:noNamespaceSchemaLocation="https://maven.apache.org/surefire/maven-surefire-plugin/xsd/surefire-test-report.xsd" version="3.0.2" name="TestSuite" time="68.986" tests="3" errors="0" skipped="0" failures="0">
  <properties>
[...]
</properties>
  <testcase name="loginTest" classname="com.gmit.TC_Login" time="3.764">
    <system-out><![CDATA[Login successful. Current URL: https://opensource-demo.orangehrmlive.com/web/index.php/dashboard/index
]]></system-out>
    <system-err><![CDATA[[main] INFO io.github.bonigarcia.wdm.WebDriverManager - Using msedgedriver 136.0.3240.64 (resolved driver for Edge 136)
[main] INFO io.github.bonigarcia.wdm.WebDriverManager - Reading https://msedgedriver.azureedge.net/?restype=container&comp=list to seek msedgedriver
[main] INFO io.github.bonigarcia.wdm.online.Downloader - Downloading https://msedgewebdriverstorage.blob.core.windows.net/edgewebdriver/136.0.3240.64/edgedriver_win64.zip
[main] INFO io.github.bonigarcia.wdm.online.Downloader - Extracting driver from compressed file edgedriver_win64.zip
[main] INFO io.github.bonigarcia.wdm.WebDriverManager - Exporting webdriver.edge.driver as C:\Users\HP\.cache\selenium\msedgedriver\win64\136.0.3240.64\msedgedriver.exe
May 12, 2025 1:19:01 PM org.openqa.selenium.devtools.CdpVersionFinder findNearestMatch
WARNING: Unable to find an exact match for CDP version 136, returning the closest version; found: 134; Please update to a Selenium version that supports CDP version 136
]]></system-err>
  </testcase>
  <testcase name="testlogin1" classname="com.gmit.AppTest" time="0.064">
    <system-out><![CDATA[file:/C:/Users/HP/eclipse-workspace/MyProject/target/classes/config.properties
]]></system-out>
  </testcase>
  <testcase name="testlogin2" classname="com.gmit.AppTest" time="0.004">
    <system-out><![CDATA[file:/C:/Users/HP/eclipse-workspace/MyProject/target/classes/config.properties
]]></system-out>
  </testcase>
</testsuite>